<?xml version="1.0" encoding="UTF-8"?>
<!-- Generated by org.testng.reporters.JUnitXMLReporter -->
<testsuite hostname="qaint" ignored="0" name="PROD1-ADDARETURN" tests="1" failures="0" timestamp="29 Sep 2021 16:49:55 GMT" time="13.74" errors="0">
  <testcase name="@BeforeMethod login" time="13.697" classname="clo.AddaNewReturn">
    <failure type="org.openqa.selenium.NoSuchElementException" message="Cannot locate an element using id=btnContinueMFAMethod
For documentation on this error, please visit: https://www.seleniumhq.org/exceptions/no_such_element.html
Build info: version: &amp;apos;3.141.59&amp;apos;, revision: &amp;apos;e82be7d358&amp;apos;, time: &amp;apos;2018-11-14T08:17:03&amp;apos;
System info: host: &amp;apos;QAINT&amp;apos;, ip: &amp;apos;89.0.1.156&amp;apos;, os.name: &amp;apos;Windows Server 2012&amp;apos;, os.arch: &amp;apos;amd64&amp;apos;, os.version: &amp;apos;6.2&amp;apos;, java.version: &amp;apos;1.8.0_171&amp;apos;
Driver info: driver.version: RemoteWebDriver">
      <![CDATA[org.openqa.selenium.NoSuchElementException: Cannot locate an element using id=btnContinueMFAMethod
For documentation on this error, please visit: https://www.seleniumhq.org/exceptions/no_such_element.html
Build info: version: '3.141.59', revision: 'e82be7d358', time: '2018-11-14T08:17:03'
System info: host: 'QAINT', ip: '89.0.1.156', os.name: 'Windows Server 2012', os.arch: 'amd64', os.version: '6.2', java.version: '1.8.0_171'
Driver info: driver.version: RemoteWebDriver
at org.openqa.selenium.remote.RemoteWebDriver.findElement(RemoteWebDriver.java:327)
at org.openqa.selenium.remote.RemoteWebDriver.findElementById(RemoteWebDriver.java:372)
at org.openqa.selenium.By$ById.findElement(By.java:188)
at org.openqa.selenium.remote.RemoteWebDriver.findElement(RemoteWebDriver.java:315)
at pageObjects.LogincloPO.clicksecLogin(LogincloPO.java:60)
at clo.AddaNewReturn.login(AddaNewReturn.java:575)
... Removed 28 stack frames]]>
    </failure>
  </testcase> <!-- @BeforeMethod login -->
  <testcase name="NahmicSetup" time="0.0" classname="clo.AddaNewReturn">
    <skipped/>
  </testcase> <!-- NahmicSetup -->
</testsuite> <!-- PROD1-ADDARETURN -->
