<?xml version="1.0" encoding="UTF-8"?>
<!-- Generated by org.testng.reporters.JUnitXMLReporter -->
<testsuite hostname="qaint" ignored="0" name="testinprod" tests="1" failures="1" timestamp="05 Aug 2020 18:33:42 GMT" time="26.535" errors="0">
  <testcase name="PRODaddaReturn" time="18.224" classname="clo.AddaNewReturn">
    <failure type="java.lang.NullPointerException">
      <![CDATA[java.lang.NullPointerException
at clo.AddaNewReturn.addAssets(AddaNewReturn.java:366)
at clo.AddaNewReturn.PRODaddaReturn(AddaNewReturn.java:1396)
... Removed 25 stack frames]]>
    </failure>
  </testcase> <!-- PRODaddaReturn -->
</testsuite> <!-- testinprod -->
