<?xml version="1.0" encoding="UTF-8"?>
<testng-results ignored="0" total="1" passed="1" failed="0" skipped="0">
  <reporter-output>
    <line>
      <![CDATA[Test started]]>
    </line>
    <line>
      <![CDATA[<br>]]>
    </line>
    <line>
      <![CDATA[Test started]]>
    </line>
    <line>
      <![CDATA[<br>]]>
    </line>
    <line>
      <![CDATA[opened a preparer-1]]>
    </line>
    <line>
      <![CDATA[opened a preparer]]>
    </line>
    <line>
      <![CDATA[<br>]]>
    </line>
    <line>
      <![CDATA[opened a preparer-1]]>
    </line>
    <line>
      <![CDATA[Test Passed]]>
    </line>
  </reporter-output>
  <suite started-at="2025-03-18T09:18:54 PDT" name="Suite1" finished-at="2025-03-18T09:19:41 PDT" duration-ms="47182">
    <groups>
    </groups>
    <test started-at="2025-03-18T09:18:54 PDT" name="QA-ADDARETURN" finished-at="2025-03-18T09:19:41 PDT" duration-ms="47182">
      <class name="clo.AddaNewReturn">
        <test-method is-config="true" signature="startReports()[pri:0, instance:clo.AddaNewReturn@3db1ce78]" started-at="2025-03-18T09:18:54 PDT" name="startReports" finished-at="2025-03-18T09:18:54 PDT" duration-ms="124" status="PASS">
          <reporter-output>
          </reporter-output>
        </test-method> <!-- startReports -->
        <test-method is-config="true" signature="login(java.lang.String,java.lang.String)[pri:0, instance:clo.AddaNewReturn@3db1ce78]" started-at="2025-03-18T09:18:54 PDT" name="login" finished-at="2025-03-18T09:19:05 PDT" duration-ms="11535" status="PASS">
          <params>
            <param index="0">
              <value>
                <![CDATA[qa]]>
              </value>
            </param>
            <param index="1">
              <value>
                <![CDATA[2024]]>
              </value>
            </param>
          </params>
          <reporter-output>
          </reporter-output>
        </test-method> <!-- login -->
        <test-method signature="BillinginSetup(java.lang.String,java.lang.String)[pri:0, instance:clo.AddaNewReturn@3db1ce78]" started-at="2025-03-18T09:19:05 PDT" name="BillinginSetup" finished-at="2025-03-18T09:19:41 PDT" duration-ms="35597" status="PASS">
          <params>
            <param index="0">
              <value>
                <![CDATA[qa]]>
              </value>
            </param>
            <param index="1">
              <value>
                <![CDATA[2024]]>
              </value>
            </param>
          </params>
          <reporter-output>
            <line>
              <![CDATA[Test started]]>
            </line>
            <line>
              <![CDATA[<br>]]>
            </line>
            <line>
              <![CDATA[opened a preparer-1]]>
            </line>
            <line>
              <![CDATA[opened a preparer]]>
            </line>
            <line>
              <![CDATA[<br>]]>
            </line>
            <line>
              <![CDATA[opened a preparer-1]]>
            </line>
            <line>
              <![CDATA[Test Passed]]>
            </line>
          </reporter-output>
        </test-method> <!-- BillinginSetup -->
        <test-method is-config="true" signature="closeBrowser(java.lang.String)[pri:0, instance:clo.AddaNewReturn@3db1ce78]" started-at="2025-03-18T09:19:41 PDT" name="closeBrowser" finished-at="2025-03-18T09:19:41 PDT" duration-ms="2" status="PASS">
          <params>
            <param index="0">
              <value>
                <![CDATA[qa]]>
              </value>
            </param>
          </params>
          <reporter-output>
          </reporter-output>
        </test-method> <!-- closeBrowser -->
        <test-method is-config="true" signature="endReports()[pri:0, instance:clo.AddaNewReturn@3db1ce78]" started-at="2025-03-18T09:19:41 PDT" name="endReports" finished-at="2025-03-18T09:19:41 PDT" duration-ms="332" status="PASS">
          <reporter-output>
          </reporter-output>
        </test-method> <!-- endReports -->
      </class> <!-- clo.AddaNewReturn -->
    </test> <!-- QA-ADDARETURN -->
  </suite> <!-- Suite1 -->
</testng-results>
