<?xml version="1.0" encoding="UTF-8"?>
<testng-results ignored="0" total="1" passed="1" failed="0" skipped="0">
  <reporter-output>
    <line>
      <![CDATA[Test started]]>
    </line>
    <line>
      <![CDATA[<br>]]>
    </line>
    <line>
      <![CDATA[Test started]]>
    </line>
    <line>
      <![CDATA[<br>]]>
    </line>
    <line>
      <![CDATA[STARTING ADDARETURN]]>
    </line>
    <line>
      <![CDATA[<br>]]>
    </line>
    <line>
      <![CDATA[opened a preparer-1]]>
    </line>
    <line>
      <![CDATA[opened a preparer]]>
    </line>
    <line>
      <![CDATA[<br>]]>
    </line>
    <line>
      <![CDATA[addW2]]>
    </line>
    <line>
      <![CDATA[frm8879]]>
    </line>
    <line>
      <![CDATA[verifyareturn-5]]>
    </line>
    <line>
      <![CDATA[Test Passed]]>
    </line>
  </reporter-output>
  <suite started-at="2025-03-13T07:33:34 PDT" name="Suite1" finished-at="2025-03-13T07:36:06 PDT" duration-ms="151782">
    <groups>
    </groups>
    <test started-at="2025-03-13T07:33:34 PDT" name="QA-ADDARETURN" finished-at="2025-03-13T07:36:06 PDT" duration-ms="151782">
      <class name="clo.AddaNewReturn">
        <test-method is-config="true" signature="startReports()[pri:0, instance:clo.AddaNewReturn@3db1ce78]" started-at="2025-03-13T07:33:34 PDT" name="startReports" finished-at="2025-03-13T07:33:34 PDT" duration-ms="131" status="PASS">
          <reporter-output>
          </reporter-output>
        </test-method> <!-- startReports -->
        <test-method is-config="true" signature="login(java.lang.String,java.lang.String)[pri:0, instance:clo.AddaNewReturn@3db1ce78]" started-at="2025-03-13T07:33:34 PDT" name="login" finished-at="2025-03-13T07:33:45 PDT" duration-ms="11689" status="PASS">
          <params>
            <param index="0">
              <value>
                <![CDATA[qa]]>
              </value>
            </param>
            <param index="1">
              <value>
                <![CDATA[2024]]>
              </value>
            </param>
          </params>
          <reporter-output>
          </reporter-output>
        </test-method> <!-- login -->
        <test-method signature="addaReturn(java.lang.String,java.lang.String)[pri:0, instance:clo.AddaNewReturn@3db1ce78]" started-at="2025-03-13T07:33:45 PDT" name="addaReturn" finished-at="2025-03-13T07:36:05 PDT" duration-ms="139194" status="PASS">
          <params>
            <param index="0">
              <value>
                <![CDATA[qa]]>
              </value>
            </param>
            <param index="1">
              <value>
                <![CDATA[2024]]>
              </value>
            </param>
          </params>
          <reporter-output>
            <line>
              <![CDATA[Test started]]>
            </line>
            <line>
              <![CDATA[<br>]]>
            </line>
            <line>
              <![CDATA[STARTING ADDARETURN]]>
            </line>
            <line>
              <![CDATA[<br>]]>
            </line>
            <line>
              <![CDATA[opened a preparer-1]]>
            </line>
            <line>
              <![CDATA[opened a preparer]]>
            </line>
            <line>
              <![CDATA[<br>]]>
            </line>
            <line>
              <![CDATA[addW2]]>
            </line>
            <line>
              <![CDATA[frm8879]]>
            </line>
            <line>
              <![CDATA[verifyareturn-5]]>
            </line>
            <line>
              <![CDATA[Test Passed]]>
            </line>
          </reporter-output>
        </test-method> <!-- addaReturn -->
        <test-method is-config="true" signature="closeBrowser(java.lang.String)[pri:0, instance:clo.AddaNewReturn@3db1ce78]" started-at="2025-03-13T07:36:05 PDT" name="closeBrowser" finished-at="2025-03-13T07:36:06 PDT" duration-ms="865" status="PASS">
          <params>
            <param index="0">
              <value>
                <![CDATA[qa]]>
              </value>
            </param>
          </params>
          <reporter-output>
          </reporter-output>
        </test-method> <!-- closeBrowser -->
        <test-method is-config="true" signature="endReports()[pri:0, instance:clo.AddaNewReturn@3db1ce78]" started-at="2025-03-13T07:36:06 PDT" name="endReports" finished-at="2025-03-13T07:36:06 PDT" duration-ms="335" status="PASS">
          <reporter-output>
          </reporter-output>
        </test-method> <!-- endReports -->
      </class> <!-- clo.AddaNewReturn -->
    </test> <!-- QA-ADDARETURN -->
  </suite> <!-- Suite1 -->
</testng-results>
